<?xml version="1.0" encoding="UTF-8"?>
<testsuite name="com.biblioteca.ConsoleAppTest" tests="6" skipped="0" failures="0" errors="0" timestamp="2015-03-05T12:53:20" hostname="INsanjanar.local" time="0.129">
  <properties/>
  <testcase name="checkFirstMessagePrintedIsWelcomeMessage" classname="com.biblioteca.ConsoleAppTest" time="0.123"/>
  <testcase name="shouldDisplayWelcomeMessageForMovie" classname="com.biblioteca.ConsoleAppTest" time="0.0"/>
  <testcase name="testForMainMenu" classname="com.biblioteca.ConsoleAppTest" time="0.004"/>
  <testcase name="shouldDisplayMainMenu" classname="com.biblioteca.ConsoleAppTest" time="0.0"/>
  <testcase name="shouldAcceptUsersChoice" classname="com.biblioteca.ConsoleAppTest" time="0.0"/>
  <testcase name="shouldDisplayWelcomeMessageForBook" classname="com.biblioteca.ConsoleAppTest" time="0.0"/>
  <system-out><![CDATA[]]></system-out>
  <system-err><![CDATA[]]></system-err>
</testsuite>
