<?xml version="1.0" encoding="UTF-8"?>
<testsuite name="com.biblioteca.BookTest" tests="2" skipped="0" failures="0" errors="0" timestamp="2015-03-05T12:53:20" hostname="INsanjanar.local" time="0.002">
  <properties/>
  <testcase name="compare2BooksAndReturnTrue" classname="com.biblioteca.BookTest" time="0.001"/>
  <testcase name="compare2BooksAndReturnFalse" classname="com.biblioteca.BookTest" time="0.0"/>
  <system-out><![CDATA[]]></system-out>
  <system-err><![CDATA[]]></system-err>
</testsuite>
