<?xml version="1.0" encoding="UTF-8"?>
<testsuite name="com.biblioteca.MoviesTest" tests="2" skipped="0" failures="0" errors="0" timestamp="2015-03-05T12:53:20" hostname="INsanjanar.local" time="0.001">
  <properties/>
  <testcase name="shouldReturnFalseWhenTwoMoviesAreNotEqual" classname="com.biblioteca.MoviesTest" time="0.0"/>
  <testcase name="shouldReturnTrueWhenTwoMoviesAreEqual" classname="com.biblioteca.MoviesTest" time="0.0"/>
  <system-out><![CDATA[]]></system-out>
  <system-err><![CDATA[]]></system-err>
</testsuite>
