<?xml version="1.0" encoding="UTF-8"?>
<testsuite name="com.biblioteca.SubMenuTest" tests="6" skipped="0" failures="0" errors="0" timestamp="2015-03-05T12:53:20" hostname="INsanjanar.local" time="0.007">
  <properties/>
  <testcase name="shouldCallCheckOutBookMenuActionWhen2IsPassedWithValidCredentials" classname="com.biblioteca.SubMenuTest" time="0.002"/>
  <testcase name="shouldCallCheckOutBookMenuActionWhen2IsPassedWithoutValidCredentials" classname="com.biblioteca.SubMenuTest" time="0.001"/>
  <testcase name="shouldCallDisplayDetailsWhen1IsPassed" classname="com.biblioteca.SubMenuTest" time="0.0"/>
  <testcase name="shouldCallReturnBookMenuActionWhen3IsPassedWithoutValidCredentials" classname="com.biblioteca.SubMenuTest" time="0.0"/>
  <testcase name="shouldReturnWhen4IsPassed" classname="com.biblioteca.SubMenuTest" time="0.0"/>
  <testcase name="shouldCallReturnBookMenuActionWhen3IsPassedWithValidCredentials" classname="com.biblioteca.SubMenuTest" time="0.001"/>
  <system-out><![CDATA[]]></system-out>
  <system-err><![CDATA[]]></system-err>
</testsuite>
