<?xml version="1.0" encoding="UTF-8"?>
<testsuite name="com.biblioteca.LoggerHelperTest" tests="1" skipped="0" failures="0" errors="0" timestamp="2015-03-04T11:50:33" hostname="INsanjanar.local" time="0.002">
  <properties/>
  <testcase name="shouldHaveEmptyListOfUserDetails" classname="com.biblioteca.LoggerHelperTest" time="0.002"/>
  <system-out><![CDATA[]]></system-out>
  <system-err><![CDATA[]]></system-err>
</testsuite>
