<?xml version="1.0" encoding="UTF-8"?>
<testsuite name="com.biblioteca.AccountManagerTest" tests="6" skipped="0" failures="0" errors="0" timestamp="2015-03-05T12:53:20" hostname="INsanjanar.local" time="0.005">
  <properties/>
  <testcase name="shouldNotLoginWithInValidCredentials" classname="com.biblioteca.AccountManagerTest" time="0.003"/>
  <testcase name="shouldCheckIfAnyoneIsLoggedIn" classname="com.biblioteca.AccountManagerTest" time="0.0"/>
  <testcase name="shouldLoginWithProperCredentials" classname="com.biblioteca.AccountManagerTest" time="0.0"/>
  <testcase name="shouldReturnNullWhenNoUserIsLoggedIn" classname="com.biblioteca.AccountManagerTest" time="0.0"/>
  <testcase name="shouldHaveAInitializedListOfUserDetails" classname="com.biblioteca.AccountManagerTest" time="0.0"/>
  <testcase name="shouldAcceptInputAndLogin" classname="com.biblioteca.AccountManagerTest" time="0.0"/>
  <system-out><![CDATA[]]></system-out>
  <system-err><![CDATA[]]></system-err>
</testsuite>
